{"name": "Test01 - Verify BMI", "status": "failed", "statusDetails": {"message": "AssertionError: assert '31' == '31kuku'\n  \n  - 31kuku\n  + 31", "trace": "self = <test_conftest_example.TestConftestExample object at 0x00000153E05E7610>\n\n    @allure.title(\"Test01 - Verify BMI\")\n    @allure.description(\"This test verify bmi after prompting weight and height\")\n    def test01_verify_bmi(self):\n        self.calculate_bmi(base.my_weight,base.my_height)\n>       self.verify_bmi(base.expected_bmi+\"kuku\")# Fail test to get screenshot inside the report\n        ^^^^^^^^^^^^^^^^^^^^^^^^^^^^^^^^^^^^^^^^^\n\nplaywright_automation\\lesson12\\confest_ex\\test_conftest_example.py:15: \n_ _ _ _ _ _ _ _ _ _ _ _ _ _ _ _ _ _ _ _ _ _ _ _ _ _ _ _ _ _ _ _ _ _ _ _ _ _ _ _\n\nself = <test_conftest_example.TestConftestExample object at 0x00000153E05E7610>\nexpected = '31kuku'\n\n    @allure.step(f\"Verify the actual bmi is equal to {base.expected_bmi}\")\n    def verify_bmi(self,expected:str):\n        actual_bmi = base.page.locator(\"[id='bmi_result']\").input_value()\n        print(f\"\\nThe actual bmi is: {actual_bmi}\")\n>       assert actual_bmi == expected\nE       AssertionError: assert '31' == '31kuku'\nE         \nE         - 31kuku\nE         + 31\n\nplaywright_automation\\lesson12\\confest_ex\\test_conftest_example.py:29: AssertionError"}, "description": "This test verify bmi after prompting weight and height", "steps": [{"name": "Calculate BMI using weight: 90 and  height:170", "status": "passed", "parameters": [{"name": "weight", "value": "'90'"}, {"name": "height", "value": "'170'"}], "start": 1766604272363, "stop": 1766604275487}, {"name": "Verify the actual bmi is equal to 31", "status": "failed", "statusDetails": {"message": "AssertionError: assert '31' == '31kuku'\n  \n  - 31kuku\n  + 31\n", "trace": "  File \"C:\\PyCharmProjects\\testautomation\\.venv\\Lib\\site-packages\\allure_commons\\_allure.py\", line 202, in impl\n    return func(*a, **kw)\n  File \"c:\\PyCharmProjects\\testautomation\\playwright_automation\\lesson12\\confest_ex\\test_conftest_example.py\", line 29, in verify_bmi\n    assert actual_bmi == expected\n"}, "parameters": [{"name": "expected", "value": "'31kuku'"}], "start": 1766604275487, "stop": 1766604275504}], "attachments": [{"source": "c6a525f0-2bcb-4780-9ad9-de2a1d07bc1f-attachment.png", "type": "image/png"}], "start": 1766604272363, "stop": 1766604275508, "uuid": "07b49eb4-aa55-4e96-80f0-fd6710d768c1", "historyId": "1ea45be411e7559bb81dee8f53cee503", "testCaseId": "1ea45be411e7559bb81dee8f53cee503", "fullName": "playwright_automation.lesson12.confest_ex.test_conftest_example.TestConftestExample#test01_verify_bmi", "labels": [{"name": "parentSuite", "value": "playwright_automation.lesson12.confest_ex"}, {"name": "suite", "value": "test_conftest_example"}, {"name": "subSuite", "value": "TestConftestExample"}, {"name": "host", "value": "LAPTOP-U50TLBK8"}, {"name": "thread", "value": "24140-MainThread"}, {"name": "framework", "value": "pytest"}, {"name": "language", "value": "cpython3"}, {"name": "package", "value": "playwright_automation.lesson12.confest_ex.test_conftest_example"}], "titlePath": ["playwright_automation", "lesson12", "confest_ex", "test_conftest_example.py", "TestConftestExample"]}