{"name": "Test01 - Verify BMI", "status": "failed", "statusDetails": {"message": "Failed: Test Failed! see details:", "trace": "self = <test_reporting_ex.TestReportingEx object at 0x000001DFB8F307D0>\n\n    @allure.title(\"Test01 - Verify BMI\")\n    @allure.description(\"This test verify bmi after prompting weight and height\")\n    def test01_verify_bmi(self):\n        try:\n            self.calculate_bmi(my_weight,my_height)\n>           self.verify_bmi(expected_bmi+\"kuku\")# Fail test to get screenshot inside the report\n            ^^^^^^^^^^^^^^^^^^^^^^^^^^^^^^^^^^^^\n\nplaywright_automation\\lesson10\\test_reporting_ex.py:34: \n_ _ _ _ _ _ _ _ _ _ _ _ _ _ _ _ _ _ _ _ _ _ _ _ _ _ _ _ _ _ _ _ _ _ _ _ _ _ _ _\n\nself = <test_reporting_ex.TestReportingEx object at 0x000001DFB8F307D0>\nexpected = '31kuku'\n\n    @allure.step(f\"Verify the actual bmi is equal to {expected_bmi}\")\n    def verify_bmi(self,expected:str):\n        actual_bmi = page.locator(\"[id='bmi_result']\").input_value()\n        print(f\"\\nThe actual bmi is: {actual_bmi}\")\n>       assert actual_bmi == expected\nE       AssertionError: assert '31' == '31kuku'\nE         \nE         - 31kuku\nE         + 31\n\nplaywright_automation\\lesson10\\test_reporting_ex.py:52: AssertionError\n\nDuring handling of the above exception, another exception occurred:\n\nself = <test_reporting_ex.TestReportingEx object at 0x000001DFB8F307D0>\n\n    @allure.title(\"Test01 - Verify BMI\")\n    @allure.description(\"This test verify bmi after prompting weight and height\")\n    def test01_verify_bmi(self):\n        try:\n            self.calculate_bmi(my_weight,my_height)\n            self.verify_bmi(expected_bmi+\"kuku\")# Fail test to get screenshot inside the report\n        except Exception as e:\n            self.attach_file()\n>           pytest.fail(\"Test Failed! see details:\",e)\nE           Failed: Test Failed! see details:\n\nplaywright_automation\\lesson10\\test_reporting_ex.py:37: Failed"}, "description": "This test verify bmi after prompting weight and height", "steps": [{"name": "Calculate BMI using weight: 90 and  height:170", "status": "passed", "parameters": [{"name": "weight", "value": "'90'"}, {"name": "height", "value": "'170'"}], "start": 1765392027976, "stop": 1765392031168}, {"name": "Verify the actual bmi is equal to 31", "status": "failed", "statusDetails": {"message": "AssertionError: assert '31' == '31kuku'\n  \n  - 31kuku\n  + 31\n", "trace": "  File \"C:\\Users\\אבי גברילוב\\AppData\\Local\\Programs\\Python\\Python313\\Lib\\site-packages\\allure_commons\\_allure.py\", line 202, in impl\n    return func(*a, **kw)\n  File \"c:\\PyCharmProjects\\testautomation\\playwright_automation\\lesson10\\test_reporting_ex.py\", line 52, in verify_bmi\n    assert actual_bmi == expected\n"}, "parameters": [{"name": "expected", "value": "'31kuku'"}], "start": 1765392031169, "stop": 1765392031184}], "attachments": [{"source": "08c289fa-85da-46bf-aae8-999bb0febe24-attachment.png", "type": "image/png"}], "start": 1765392027975, "stop": 1765392031537, "uuid": "0d5e41dd-e743-4943-8665-e4b74df8a6a6", "historyId": "ab61f06b27724f725e48a3e18b6afcaf", "testCaseId": "ab61f06b27724f725e48a3e18b6afcaf", "fullName": "playwright_automation.lesson10.test_reporting_ex.TestReportingEx#test01_verify_bmi", "labels": [{"name": "parentSuite", "value": "playwright_automation.lesson10"}, {"name": "suite", "value": "test_reporting_ex"}, {"name": "subSuite", "value": "TestReportingEx"}, {"name": "host", "value": "LAPTOP-U50TLBK8"}, {"name": "thread", "value": "36740-MainThread"}, {"name": "framework", "value": "pytest"}, {"name": "language", "value": "cpython3"}, {"name": "package", "value": "playwright_automation.lesson10.test_reporting_ex"}], "titlePath": ["playwright_automation", "lesson10", "test_reporting_ex.py", "TestReportingEx"]}