{"name": "test_01", "status": "failed", "statusDetails": {"message": "AssertionError: assert inner_text == '$7.50'", "trace": "self = <test_pizza.TestExframesPractice object at 0x0000023820524690>\n\n    def test_01(self):\n        starting_price=page.locator(\"//span[@class='ginput_total ginput_total_5']\").inner_text\n>       assert starting_price==expected_starting_price\nE       AssertionError: assert inner_text == '$7.50'\n\nplaywright_automation\\mid_course_exam\\test_pizza.py:27: AssertionError"}, "start": 1765471349315, "stop": 1765471349316, "uuid": "c9358c1c-01dc-4537-afd9-2689b40a27e4", "historyId": "13cb00a8327d932b84239d558ccfd5a1", "testCaseId": "13cb00a8327d932b84239d558ccfd5a1", "fullName": "playwright_automation.mid_course_exam.test_pizza.TestExframesPractice#test_01", "labels": [{"name": "parentSuite", "value": "playwright_automation.mid_course_exam"}, {"name": "suite", "value": "test_pizza"}, {"name": "subSuite", "value": "TestExframesPractice"}, {"name": "host", "value": "LAPTOP-U50TLBK8"}, {"name": "thread", "value": "15484-MainThread"}, {"name": "framework", "value": "pytest"}, {"name": "language", "value": "cpython3"}, {"name": "package", "value": "playwright_automation.mid_course_exam.test_pizza"}], "titlePath": ["playwright_automation", "mid_course_exam", "test_pizza.py", "TestExframesPractice"]}